c:\users\kelson\documents\projects\new folder\build\math_tool.dir\debug\vc142.pdb
c:\users\kelson\documents\projects\new folder\build\math_tool.dir\debug\juce_data_structures.obj
c:\users\kelson\documents\projects\new folder\build\math_tool.dir\debug\juce_core.obj
c:\users\kelson\documents\projects\new folder\build\math_tool.dir\debug\juce_events.obj
c:\users\kelson\documents\projects\new folder\build\math_tool.dir\debug\juce_graphics.obj
c:\users\kelson\documents\projects\new folder\build\math_tool.dir\debug\juce_gui_basics.obj
c:\users\kelson\documents\projects\new folder\build\math_tool.dir\debug\juce_gui_extra.obj
c:\users\kelson\documents\projects\new folder\build\math_tool.dir\debug\maincomponent.obj
c:\users\kelson\documents\projects\new folder\build\math_tool.dir\debug\main.obj
c:\users\kelson\documents\projects\math_tool\build\math_tool.dir\debug\vc142.pdb
c:\users\kelson\documents\projects\math_tool\build\math_tool.dir\debug\juce_data_structures.obj
c:\users\kelson\documents\projects\math_tool\build\math_tool.dir\debug\juce_core.obj
c:\users\kelson\documents\projects\math_tool\build\math_tool.dir\debug\juce_events.obj
c:\users\kelson\documents\projects\math_tool\build\math_tool.dir\debug\juce_graphics.obj
c:\users\kelson\documents\projects\math_tool\build\math_tool.dir\debug\juce_gui_basics.obj
c:\users\kelson\documents\projects\math_tool\build\math_tool.dir\debug\juce_gui_extra.obj
c:\users\kelson\documents\projects\math_tool\build\math_tool.dir\debug\maincomponent.obj
c:\users\kelson\documents\projects\math_tool\build\math_tool.dir\debug\main.obj
c:\users\kelson\documents\projects\math_tool\build\math_tool.dir\debug\trace.obj
c:\users\kelson\documents\projects\math_tool\build\math_tool_artefacts\jucelibrarycode\resources.rc
c:\users\kelson\documents\projects\math_tool\build\cmakefiles\generate.stamp
c:\users\kelson\documents\projects\new folder\build\math_tool.dir\debug\math_tool.ilk
c:\users\kelson\documents\projects\new folder\build\math_tool_artefacts\debug\math_tool.exe
c:\users\kelson\documents\projects\new folder\build\math_tool_artefacts\debug\math_tool.pdb
c:\users\kelson\documents\projects\math_tool\build\math_tool_artefacts\debug\math_tool.exe
c:\users\kelson\documents\projects\math_tool\build\math_tool.dir\debug\math_tool.ilk
c:\users\kelson\documents\projects\math_tool\build\math_tool_artefacts\debug\math_tool.pdb
c:\users\kelson\documents\projects\new folder\build\math_tool.dir\debug\resources.res
c:\users\kelson\documents\projects\math_tool\build\math_tool.dir\debug\resources.res
c:\users\kelson\documents\projects\math_tool\build\math_tool.dir\debug\math_tool.tlog\cl.command.1.tlog
c:\users\kelson\documents\projects\math_tool\build\math_tool.dir\debug\math_tool.tlog\cl.read.1.tlog
c:\users\kelson\documents\projects\math_tool\build\math_tool.dir\debug\math_tool.tlog\cl.write.1.tlog
c:\users\kelson\documents\projects\math_tool\build\math_tool.dir\debug\math_tool.tlog\custombuild.command.1.tlog
c:\users\kelson\documents\projects\math_tool\build\math_tool.dir\debug\math_tool.tlog\custombuild.read.1.tlog
c:\users\kelson\documents\projects\math_tool\build\math_tool.dir\debug\math_tool.tlog\custombuild.write.1.tlog
c:\users\kelson\documents\projects\math_tool\build\math_tool.dir\debug\math_tool.tlog\link.command.1.tlog
c:\users\kelson\documents\projects\math_tool\build\math_tool.dir\debug\math_tool.tlog\link.read.1.tlog
c:\users\kelson\documents\projects\math_tool\build\math_tool.dir\debug\math_tool.tlog\link.write.1.tlog
c:\users\kelson\documents\projects\math_tool\build\math_tool.dir\debug\math_tool.tlog\rc.command.1.tlog
c:\users\kelson\documents\projects\math_tool\build\math_tool.dir\debug\math_tool.tlog\rc.read.1.tlog
c:\users\kelson\documents\projects\math_tool\build\math_tool.dir\debug\math_tool.tlog\rc.write.1.tlog
